<?xml version="1.0" encoding="UTF-8"?>
<!-- Generated by org.testng.reporters.JUnitReportReporter -->
<testsuite hostname="DESKTOP-9KPB73A" failures="0" tests="2" name="examples.program_Second" time="0.003" errors="0" timestamp="2023-07-14T09:33:05 IST" skipped="0">
  <testcase classname="examples.program_Second" name="compose" time="0.001"/>
  <system-out/>
  <testcase classname="examples.program_Second" name="inbox" time="0.002"/>
  <system-out/>
</testsuite> <!-- examples.program_Second -->
