<?xml version="1.0" encoding="UTF-8"?>
<!-- Generated by org.testng.reporters.JUnitReportReporter -->
<testsuite hostname="DESKTOP-9KPB73A" failures="0" tests="13" name="examples.Program_First" time="0.041" errors="0" timestamp="2023-07-14T09:36:38 IST" skipped="0">
  <testcase classname="examples.Program_First" name="titleVerification" time="0.004"/>
  <system-out/>
  <testcase classname="examples.Program_First" name="login" time="0.003"/>
  <system-out/>
  <testcase classname="examples.Program_First" name="titleVerification" time="0.003"/>
  <system-out/>
  <testcase classname="examples.Program_First" name="titleVerification" time="0.002"/>
  <system-out/>
  <testcase classname="examples.Program_First" name="titleVerification" time="0.003"/>
  <system-out/>
  <testcase classname="examples.Program_First" name="titleVerification" time="0.001"/>
  <system-out/>
  <testcase classname="examples.Program_First" name="imageVerification" time="0.011"/>
  <system-out/>
  <testcase classname="examples.Program_First" name="titleVerification" time="0.001"/>
  <system-out/>
  <testcase classname="examples.Program_First" name="titleVerification" time="0.000"/>
  <system-out/>
  <testcase classname="examples.Program_First" name="titleVerification" time="0.002"/>
  <system-out/>
  <testcase classname="examples.Program_First" name="titleVerification" time="0.002"/>
  <system-out/>
  <testcase classname="examples.Program_First" name="titleVerification" time="0.002"/>
  <system-out/>
  <testcase classname="examples.Program_First" name="serach" time="0.007"/>
  <system-out/>
</testsuite> <!-- examples.Program_First -->
